Starting Dynare (version 6.2).
Calling Dynare with arguments: none
Preprocessing time: 0h00m01s.

STEADY-STATE RESULTS:

y 		 4.43072
c 		 2.85287
k 		 63.1137
i 		 1.57784
h 		 0.311045
r 		 0.0351
z 		 0

EIGENVALUES:
         Modulus             Real        Imaginary
            0.95             0.95                0
          0.9709           0.9709                0
            1.04             1.04                0
         2.5e+16         -2.5e+16                0
       6.124e+37       -6.124e+37                0

There are 3 eigenvalue(s) larger than 1 in modulus for 3 forward-looking variable(s)
The rank condition is verified.


MODEL SUMMARY

  Number of variables:         7
  Number of stochastic shocks: 1
  Number of state variables:   2
  Number of jumpers:           3
  Number of static variables:  3


MATRIX OF COVARIANCE OF EXOGENOUS SHOCKS
Variables           e
e            0.000010

POLICY AND TRANSITION FUNCTIONS
                                   y               c               i
Constant                    4.430716        2.852872        1.577843
k(-1)                       0.027631        0.031754       -0.004123
z(-1)                       2.884614        0.399366        2.485248
e                           3.036435        0.420385        2.616050


THEORETICAL MOMENTS (HP filter, lambda = 1600)
VARIABLE         MEAN  STD. DEV.   VARIANCE
y              4.4307     0.0127     0.0002
c              2.8529     0.0021     0.0000
i              1.5778     0.0110     0.0001



MATRIX OF CORRELATIONS (HP filter, lambda = 1600)
Variables         y       c       i
y            1.0000  0.8565  0.9950
c            0.8565  1.0000  0.8008
i            0.9950  0.8008  1.0000



COEFFICIENTS OF AUTOCORRELATION (HP filter, lambda = 1600)
Order           1        2        3        4        5
y          0.7195   0.4810   0.2826   0.1215  -0.0056
c          0.8240   0.6471   0.4767   0.3182   0.1754
i          0.7126   0.4700   0.2698   0.1085  -0.0176
Total computing time : 0h00m08s
