Starting Dynare (version 6.2).
Calling Dynare with arguments: none
Preprocessing time: 0h00m00s.

STEADY-STATE RESULTS:

x                		 0

EIGENVALUES:
         Modulus             Real        Imaginary
          0.7071             0.35           0.6144
          0.7071             0.35          -0.6144

There are 0 eigenvalue(s) larger than 1 in modulus for 0 forward-looking variable(s)
The rank condition is verified.

warning: stoch_simul: using order = 1 because Hessian is equal to zero
warning: called from
    stoch_simul at line 59 column 5
    driver at line 211 column 27
    dynare at line 308 column 5


MODEL SUMMARY

  Number of variables:         2
  Number of stochastic shocks: 1
  Number of state variables:   2
  Number of jumpers:           0
  Number of static variables:  0


MATRIX OF COVARIANCE OF EXOGENOUS SHOCKS
Variables           e
e            0.000400

POLICY AND TRANSITION FUNCTIONS
                                   x
x(-1)                       0.700000
x(-2)                      -0.500000
e                           1.000000


THEORETICAL MOMENTS
VARIABLE         MEAN  STD. DEV.   VARIANCE
x              0.0000     0.0261     0.0007



MATRIX OF CORRELATIONS
Variables         x
x            1.0000



COEFFICIENTS OF AUTOCORRELATION
Order           1        2        3        4        5
x          0.4667  -0.1733  -0.3547  -0.1616   0.0642
Total computing time : 0h00m02s
Note: warning(s) encountered in MATLAB/Octave code
